2014-06-06 11:05:00.526 Walldecor[37990:70b] Multi-tasking -> Device: YES, App: YES
2014-06-06 11:05:00.533 Walldecor[37990:70b] Unlimited access to network resources
2014-06-06 11:05:00.536 Walldecor[37990:70b] 

Started backup to iCloud! Please be careful.
Your application might rejected by Apple if you store too much data.
For more information please read "iOS Data Storage Guidelines"
You could find it at the following address https://developer.apple.com/icloud/documentation/data-storage/ .

2014-06-06 11:05:00.650 Walldecor[37990:70b] Resetting plugins due to page load.
2014-06-06 11:05:00.877 Walldecor[37990:70b] Finished load of: file:///Users/izinken/Library/Application%20Support/iPhone%20Simulator/7.1/Applications/D7F87D04-42B8-43C9-A94A-58EBA34A5AA0/Walldecor.app/www/index.html
2014-06-06 11:13:34.132 Walldecor[38694:70b] Multi-tasking -> Device: YES, App: YES
2014-06-06 11:13:34.138 Walldecor[38694:70b] Unlimited access to network resources
2014-06-06 11:13:34.141 Walldecor[38694:70b] 

Started backup to iCloud! Please be careful.
Your application might rejected by Apple if you store too much data.
For more information please read "iOS Data Storage Guidelines"
You could find it at the following address https://developer.apple.com/icloud/documentation/data-storage/ .

2014-06-06 11:13:34.186 Walldecor[38694:70b] Resetting plugins due to page load.
2014-06-06 11:13:34.226 Walldecor[38694:70b] Finished load of: file:///Users/izinken/Library/Application%20Support/iPhone%20Simulator/7.1/Applications/D7F87D04-42B8-43C9-A94A-58EBA34A5AA0/Walldecor.app/www/index.html
2014-06-06 11:16:06.946 Walldecor[39349:70b] Multi-tasking -> Device: YES, App: YES
2014-06-06 11:16:06.953 Walldecor[39349:70b] Unlimited access to network resources
2014-06-06 11:16:06.955 Walldecor[39349:70b] 

Started backup to iCloud! Please be careful.
Your application might rejected by Apple if you store too much data.
For more information please read "iOS Data Storage Guidelines"
You could find it at the following address https://developer.apple.com/icloud/documentation/data-storage/ .

2014-06-06 11:16:07.055 Walldecor[39349:70b] Resetting plugins due to page load.
2014-06-06 11:16:07.109 Walldecor[39349:70b] Finished load of: file:///Users/izinken/Library/Application%20Support/iPhone%20Simulator/7.1/Applications/D7F87D04-42B8-43C9-A94A-58EBA34A5AA0/Walldecor.app/www/index.html
2014-06-06 11:19:20.864 Walldecor[39909:70b] Multi-tasking -> Device: YES, App: YES
2014-06-06 11:19:20.871 Walldecor[39909:70b] Unlimited access to network resources
2014-06-06 11:19:20.873 Walldecor[39909:70b] 

Started backup to iCloud! Please be careful.
Your application might rejected by Apple if you store too much data.
For more information please read "iOS Data Storage Guidelines"
You could find it at the following address https://developer.apple.com/icloud/documentation/data-storage/ .

2014-06-06 11:19:20.918 Walldecor[39909:70b] Resetting plugins due to page load.
2014-06-06 11:19:20.998 Walldecor[39909:70b] Finished load of: file:///Users/izinken/Library/Application%20Support/iPhone%20Simulator/7.1/Applications/D7F87D04-42B8-43C9-A94A-58EBA34A5AA0/Walldecor.app/www/index.html
2014-06-06 11:21:03.466 Walldecor[39909:70b] Resetting plugins due to page load.
2014-06-06 11:21:03.512 Walldecor[39909:70b] Finished load of: file:///Users/izinken/Library/Application%20Support/iPhone%20Simulator/7.1/Applications/D7F87D04-42B8-43C9-A94A-58EBA34A5AA0/Walldecor.app/www/index.html
2014-06-06 11:21:26.265 Walldecor[39909:70b] Resetting plugins due to page load.
2014-06-06 11:21:26.320 Walldecor[39909:70b] Finished load of: file:///Users/izinken/Library/Application%20Support/iPhone%20Simulator/7.1/Applications/D7F87D04-42B8-43C9-A94A-58EBA34A5AA0/Walldecor.app/www/index.html
2014-06-06 11:21:29.169 Walldecor[39909:70b] Resetting plugins due to page load.
2014-06-06 11:21:29.214 Walldecor[39909:70b] Finished load of: file:///Users/izinken/Library/Application%20Support/iPhone%20Simulator/7.1/Applications/D7F87D04-42B8-43C9-A94A-58EBA34A5AA0/Walldecor.app/www/index.html
2014-06-06 11:26:43.101 Walldecor[40607:70b] Multi-tasking -> Device: YES, App: YES
2014-06-06 11:26:43.108 Walldecor[40607:70b] Unlimited access to network resources
2014-06-06 11:26:43.111 Walldecor[40607:70b] 

Started backup to iCloud! Please be careful.
Your application might rejected by Apple if you store too much data.
For more information please read "iOS Data Storage Guidelines"
You could find it at the following address https://developer.apple.com/icloud/documentation/data-storage/ .

2014-06-06 11:26:43.156 Walldecor[40607:70b] Resetting plugins due to page load.
2014-06-06 11:26:43.236 Walldecor[40607:70b] Finished load of: file:///Users/izinken/Library/Application%20Support/iPhone%20Simulator/7.1/Applications/D7F87D04-42B8-43C9-A94A-58EBA34A5AA0/Walldecor.app/www/index.html
2014-06-06 11:33:23.476 Walldecor[41262:70b] Multi-tasking -> Device: YES, App: YES
2014-06-06 11:33:23.483 Walldecor[41262:70b] Unlimited access to network resources
2014-06-06 11:33:23.486 Walldecor[41262:70b] 

Started backup to iCloud! Please be careful.
Your application might rejected by Apple if you store too much data.
For more information please read "iOS Data Storage Guidelines"
You could find it at the following address https://developer.apple.com/icloud/documentation/data-storage/ .

2014-06-06 11:33:23.531 Walldecor[41262:70b] Resetting plugins due to page load.
2014-06-06 11:33:23.613 Walldecor[41262:70b] Finished load of: file:///Users/izinken/Library/Application%20Support/iPhone%20Simulator/7.1/Applications/D7F87D04-42B8-43C9-A94A-58EBA34A5AA0/Walldecor.app/www/index.html
2014-06-06 11:38:39.376 Walldecor[41262:70b] Resetting plugins due to page load.
2014-06-06 11:38:39.444 Walldecor[41262:70b] Finished load of: file:///Users/izinken/Library/Application%20Support/iPhone%20Simulator/7.1/Applications/D7F87D04-42B8-43C9-A94A-58EBA34A5AA0/Walldecor.app/www/index.html#/walldecor
2014-06-06 11:39:14.887 Walldecor[41262:70b] Received memory warning.
2014-06-06 11:39:58.663 Walldecor[41987:70b] Multi-tasking -> Device: YES, App: YES
2014-06-06 11:39:58.670 Walldecor[41987:70b] Unlimited access to network resources
2014-06-06 11:39:58.672 Walldecor[41987:70b] 

Started backup to iCloud! Please be careful.
Your application might rejected by Apple if you store too much data.
For more information please read "iOS Data Storage Guidelines"
You could find it at the following address https://developer.apple.com/icloud/documentation/data-storage/ .

2014-06-06 11:39:58.770 Walldecor[41987:70b] Resetting plugins due to page load.
2014-06-06 11:39:58.963 Walldecor[41987:70b] Finished load of: file:///Users/izinken/Library/Application%20Support/iPhone%20Simulator/7.1/Applications/D7F87D04-42B8-43C9-A94A-58EBA34A5AA0/Walldecor.app/www/index.html
2014-06-06 11:52:05.022 Walldecor[42744:70b] Multi-tasking -> Device: YES, App: YES
2014-06-06 11:52:05.028 Walldecor[42744:70b] Unlimited access to network resources
2014-06-06 11:52:05.030 Walldecor[42744:70b] 

Started backup to iCloud! Please be careful.
Your application might rejected by Apple if you store too much data.
For more information please read "iOS Data Storage Guidelines"
You could find it at the following address https://developer.apple.com/icloud/documentation/data-storage/ .

2014-06-06 11:52:05.284 Walldecor[42744:70b] Resetting plugins due to page load.
2014-06-06 11:52:05.464 Walldecor[42744:70b] Finished load of: file:///Users/izinken/Library/Application%20Support/iPhone%20Simulator/7.1/Applications/D7F87D04-42B8-43C9-A94A-58EBA34A5AA0/Walldecor.app/www/index.html
Terminating in response to SpringBoard's termination.
